<?xml version="1.0" encoding="UTF-8"?>
<testng-results ignored="0" total="1" passed="1" failed="0" skipped="0">
  <reporter-output>
  </reporter-output>
  <suite started-at="2021-05-29T11:34:38 IST" name="Default suite" finished-at="2021-05-29T11:34:42 IST" duration-ms="4600">
    <groups>
    </groups>
    <test started-at="2021-05-29T11:34:38 IST" name="Default test" finished-at="2021-05-29T11:34:42 IST" duration-ms="4600">
      <class name="scripts.Delete">
        <test-method signature="deletepro()[pri:0, instance:scripts.Delete@1018bde2]" started-at="2021-05-29T11:34:38 IST" name="deletepro" finished-at="2021-05-29T11:34:42 IST" duration-ms="4522" status="PASS">
          <reporter-output>
          </reporter-output>
        </test-method> <!-- deletepro -->
      </class> <!-- scripts.Delete -->
    </test> <!-- Default test -->
  </suite> <!-- Default suite -->
</testng-results>
